Build started 8/30/2018 10:06:07 PM.
     1>Project "C:\Users\y36zhao\code\git\exam\exam\exam\exam.vcxproj" on node 2 (build target(s)).
     1>InitializeBuildStatus:
         Creating "Debug\exam.unsuccessfulbuild" because "AlwaysCreate" was specified.
       ClCompile:
         All outputs are up-to-date.
         c:\Program Files (x86)\Microsoft Visual Studio 10.0\VC\bin\CL.exe /c /ZI /nologo /W3 /WX- /Od /Oy- /D WIN32 /D _DEBUG /D _CONSOLE /D _UNICODE /D UNICODE /Gm /EHsc /RTC1 /MDd /GS /fp:precise /Zc:wchar_t /Zc:forScope /Yu"StdAfx.h" /Fp"Debug\exam.pch" /Fo"Debug\\" /Fd"Debug\vc100.pdb" /Gd /TP /analyze- /errorReport:prompt examlink.cpp
         examlink.cpp
       ManifestResourceCompile:
         All outputs are up-to-date.
       Link:
         c:\Program Files (x86)\Microsoft Visual Studio 10.0\VC\bin\link.exe /ERRORREPORT:PROMPT /OUT:"C:\Users\y36zhao\code\git\exam\exam\Debug\exam.exe" /INCREMENTAL /NOLOGO kernel32.lib user32.lib gdi32.lib winspool.lib comdlg32.lib advapi32.lib shell32.lib ole32.lib oleaut32.lib uuid.lib odbc32.lib odbccp32.lib /MANIFEST /ManifestFile:"Debug\exam.exe.intermediate.manifest" /MANIFESTUAC:"level='asInvoker' uiAccess='false'" /DEBUG /PDB:"C:\Users\y36zhao\code\git\exam\exam\Debug\exam.pdb" /SUBSYSTEM:CONSOLE /TLBID:1 /DYNAMICBASE /NXCOMPAT /IMPLIB:"C:\Users\y36zhao\code\git\exam\exam\Debug\exam.lib" /MACHINE:X86 Debug\exam.exe.embed.manifest.res
         Debug\exam.obj
         Debug\examlink.obj
         Debug\stdafx.obj
       Manifest:
         c:\Program Files (x86)\Microsoft SDKs\Windows\v7.0A\bin\mt.exe /nologo /verbose /out:"Debug\exam.exe.embed.manifest" /manifest Debug\exam.exe.intermediate.manifest
         All outputs are up-to-date.
       LinkEmbedManifest:
         All outputs are up-to-date.
         exam.vcxproj -> C:\Users\y36zhao\code\git\exam\exam\Debug\exam.exe
       FinalizeBuildStatus:
         Deleting file "Debug\exam.unsuccessfulbuild".
         Touching "Debug\exam.lastbuildstate".
     1>Done Building Project "C:\Users\y36zhao\code\git\exam\exam\exam\exam.vcxproj" (build target(s)).

Build succeeded.

Time Elapsed 00:00:00.92
